<?xml version="1.0" encoding="UTF-8"?>
<!-- Generated by org.testng.reporters.JUnitXMLReporter -->
<testsuite ignored="0" hostname="DESKTOP-EV7659B" failures="3" tests="3" name="Test" time="15.902" errors="0" timestamp="2025-05-12T11:25:13 IST">
  <testcase classname="p2.c3" name="t3" time="0.047">
    <failure type="java.lang.Error" message="Unresolved compilation problem: 
	FileUtils cannot be resolved
">
      <![CDATA[java.lang.Error: Unresolved compilation problem: 
FileUtils cannot be resolved

at p2.c3.t3(c3.java:28)
at java.base/java.util.ArrayList.forEach(ArrayList.java:1597)
... Removed 25 stack frames]]>
    </failure>
  </testcase> <!-- t3 -->
  <testcase classname="p1.c2" name="t2" time="10.877">
    <failure type="org.openqa.selenium.SessionNotCreatedException" message="session not created: This version of ChromeDriver only supports Chrome version 131
Current browser version is 136.0.7103.93 with binary path C:\Program Files\Google\Chrome\Application\chrome.exe
Build info: version: &amp;apos;3.141.59&amp;apos;, revision: &amp;apos;e82be7d358&amp;apos;, time: &amp;apos;2018-11-14T08:17:03&amp;apos;
System info: host: &amp;apos;DESKTOP-EV7659B&amp;apos;, ip: &amp;apos;192.168.31.130&amp;apos;, os.name: &amp;apos;Windows 10&amp;apos;, os.arch: &amp;apos;amd64&amp;apos;, os.version: &amp;apos;10.0&amp;apos;, java.version: &amp;apos;23.0.1&amp;apos;
Driver info: driver.version: ChromeDriver
remote stacktrace: 	GetHandleVerifier [0x00007FF75AD36CB5+28821]
	(No symbol) [0x00007FF75ACA3840]
	(No symbol) [0x00007FF75AB4578A]
	(No symbol) [0x00007FF75AB874C2]
	(No symbol) [0x00007FF75AB8652B]
	(No symbol) [0x00007FF75AB80469]
	(No symbol) [0x00007FF75AB7BAC9]
	(No symbol) [0x00007FF75ABCA4FA]
	(No symbol) [0x00007FF75ABC9B30]
	(No symbol) [0x00007FF75ABBF0A3]
	(No symbol) [0x00007FF75AB8A778]
	(No symbol) [0x00007FF75AB8B8E1]
	GetHandleVerifier [0x00007FF75B06FCAD+3408013]
	GetHandleVerifier [0x00007FF75B08741F+3504127]
	GetHandleVerifier [0x00007FF75B07B5FD+3455453]
	GetHandleVerifier [0x00007FF75ADFBDBB+835995]
	(No symbol) [0x00007FF75ACAEB5F]
	(No symbol) [0x00007FF75ACAA814]
	(No symbol) [0x00007FF75ACAA9AD]
	(No symbol) [0x00007FF75AC9A199]
	BaseThreadInitThunk [0x00007FF893D37374+20]
	RtlUserThreadStart [0x00007FF893E7CC91+33]
">
      <![CDATA[org.openqa.selenium.SessionNotCreatedException: session not created: This version of ChromeDriver only supports Chrome version 131
Current browser version is 136.0.7103.93 with binary path C:\Program Files\Google\Chrome\Application\chrome.exe
Build info: version: '3.141.59', revision: 'e82be7d358', time: '2018-11-14T08:17:03'
System info: host: 'DESKTOP-EV7659B', ip: '192.168.31.130', os.name: 'Windows 10', os.arch: 'amd64', os.version: '10.0', java.version: '23.0.1'
Driver info: driver.version: ChromeDriver
remote stacktrace: GetHandleVerifier [0x00007FF75AD36CB5+28821]
(No symbol) [0x00007FF75ACA3840]
(No symbol) [0x00007FF75AB4578A]
(No symbol) [0x00007FF75AB874C2]
(No symbol) [0x00007FF75AB8652B]
(No symbol) [0x00007FF75AB80469]
(No symbol) [0x00007FF75AB7BAC9]
(No symbol) [0x00007FF75ABCA4FA]
(No symbol) [0x00007FF75ABC9B30]
(No symbol) [0x00007FF75ABBF0A3]
(No symbol) [0x00007FF75AB8A778]
(No symbol) [0x00007FF75AB8B8E1]
GetHandleVerifier [0x00007FF75B06FCAD+3408013]
GetHandleVerifier [0x00007FF75B08741F+3504127]
GetHandleVerifier [0x00007FF75B07B5FD+3455453]
GetHandleVerifier [0x00007FF75ADFBDBB+835995]
(No symbol) [0x00007FF75ACAEB5F]
(No symbol) [0x00007FF75ACAA814]
(No symbol) [0x00007FF75ACAA9AD]
(No symbol) [0x00007FF75AC9A199]
BaseThreadInitThunk [0x00007FF893D37374+20]
RtlUserThreadStart [0x00007FF893E7CC91+33]

at org.openqa.selenium.remote.W3CHandshakeResponse.lambda$errorHandler$0(W3CHandshakeResponse.java:62)
at org.openqa.selenium.remote.HandshakeResponse.lambda$getResponseFunction$0(HandshakeResponse.java:30)
at org.openqa.selenium.remote.ProtocolHandshake.lambda$createSession$0(ProtocolHandshake.java:126)
at java.base/java.util.stream.ReferencePipeline$3$1.accept(ReferencePipeline.java:215)
at java.base/java.util.Spliterators$ArraySpliterator.tryAdvance(Spliterators.java:1034)
at java.base/java.util.stream.ReferencePipeline.forEachWithCancel(ReferencePipeline.java:147)
at java.base/java.util.stream.AbstractPipeline.copyIntoWithCancel(AbstractPipeline.java:588)
at java.base/java.util.stream.AbstractPipeline.copyInto(AbstractPipeline.java:574)
at java.base/java.util.stream.AbstractPipeline.wrapAndCopyInto(AbstractPipeline.java:560)
at java.base/java.util.stream.FindOps$FindOp.evaluateSequential(FindOps.java:150)
at java.base/java.util.stream.AbstractPipeline.evaluate(AbstractPipeline.java:265)
at java.base/java.util.stream.ReferencePipeline.findFirst(ReferencePipeline.java:687)
at org.openqa.selenium.remote.ProtocolHandshake.createSession(ProtocolHandshake.java:128)
at org.openqa.selenium.remote.ProtocolHandshake.createSession(ProtocolHandshake.java:74)
at org.openqa.selenium.remote.HttpCommandExecutor.execute(HttpCommandExecutor.java:136)
at org.openqa.selenium.remote.service.DriverCommandExecutor.execute(DriverCommandExecutor.java:83)
at org.openqa.selenium.remote.RemoteWebDriver.execute(RemoteWebDriver.java:552)
at org.openqa.selenium.remote.RemoteWebDriver.startSession(RemoteWebDriver.java:213)
at org.openqa.selenium.remote.RemoteWebDriver.<init>(RemoteWebDriver.java:131)
at org.openqa.selenium.chrome.ChromeDriver.<init>(ChromeDriver.java:181)
at org.openqa.selenium.chrome.ChromeDriver.<init>(ChromeDriver.java:168)
at org.openqa.selenium.chrome.ChromeDriver.<init>(ChromeDriver.java:123)
at p1.c2.t2(c2.java:14)
at java.base/java.util.ArrayList.forEach(ArrayList.java:1597)
... Removed 28 stack frames]]>
    </failure>
  </testcase> <!-- t2 -->
  <testcase classname="p1.c1" name="t1" time="4.671">
    <failure type="org.openqa.selenium.SessionNotCreatedException" message="session not created: This version of ChromeDriver only supports Chrome version 131
Current browser version is 136.0.7103.93 with binary path C:\Program Files\Google\Chrome\Application\chrome.exe
Build info: version: &amp;apos;3.141.59&amp;apos;, revision: &amp;apos;e82be7d358&amp;apos;, time: &amp;apos;2018-11-14T08:17:03&amp;apos;
System info: host: &amp;apos;DESKTOP-EV7659B&amp;apos;, ip: &amp;apos;192.168.31.130&amp;apos;, os.name: &amp;apos;Windows 10&amp;apos;, os.arch: &amp;apos;amd64&amp;apos;, os.version: &amp;apos;10.0&amp;apos;, java.version: &amp;apos;23.0.1&amp;apos;
Driver info: driver.version: ChromeDriver
remote stacktrace: 	GetHandleVerifier [0x00007FF75AD36CB5+28821]
	(No symbol) [0x00007FF75ACA3840]
	(No symbol) [0x00007FF75AB4578A]
	(No symbol) [0x00007FF75AB874C2]
	(No symbol) [0x00007FF75AB8652B]
	(No symbol) [0x00007FF75AB80469]
	(No symbol) [0x00007FF75AB7BAC9]
	(No symbol) [0x00007FF75ABCA4FA]
	(No symbol) [0x00007FF75ABC9B30]
	(No symbol) [0x00007FF75ABBF0A3]
	(No symbol) [0x00007FF75AB8A778]
	(No symbol) [0x00007FF75AB8B8E1]
	GetHandleVerifier [0x00007FF75B06FCAD+3408013]
	GetHandleVerifier [0x00007FF75B08741F+3504127]
	GetHandleVerifier [0x00007FF75B07B5FD+3455453]
	GetHandleVerifier [0x00007FF75ADFBDBB+835995]
	(No symbol) [0x00007FF75ACAEB5F]
	(No symbol) [0x00007FF75ACAA814]
	(No symbol) [0x00007FF75ACAA9AD]
	(No symbol) [0x00007FF75AC9A199]
	BaseThreadInitThunk [0x00007FF893D37374+20]
	RtlUserThreadStart [0x00007FF893E7CC91+33]
">
      <![CDATA[org.openqa.selenium.SessionNotCreatedException: session not created: This version of ChromeDriver only supports Chrome version 131
Current browser version is 136.0.7103.93 with binary path C:\Program Files\Google\Chrome\Application\chrome.exe
Build info: version: '3.141.59', revision: 'e82be7d358', time: '2018-11-14T08:17:03'
System info: host: 'DESKTOP-EV7659B', ip: '192.168.31.130', os.name: 'Windows 10', os.arch: 'amd64', os.version: '10.0', java.version: '23.0.1'
Driver info: driver.version: ChromeDriver
remote stacktrace: GetHandleVerifier [0x00007FF75AD36CB5+28821]
(No symbol) [0x00007FF75ACA3840]
(No symbol) [0x00007FF75AB4578A]
(No symbol) [0x00007FF75AB874C2]
(No symbol) [0x00007FF75AB8652B]
(No symbol) [0x00007FF75AB80469]
(No symbol) [0x00007FF75AB7BAC9]
(No symbol) [0x00007FF75ABCA4FA]
(No symbol) [0x00007FF75ABC9B30]
(No symbol) [0x00007FF75ABBF0A3]
(No symbol) [0x00007FF75AB8A778]
(No symbol) [0x00007FF75AB8B8E1]
GetHandleVerifier [0x00007FF75B06FCAD+3408013]
GetHandleVerifier [0x00007FF75B08741F+3504127]
GetHandleVerifier [0x00007FF75B07B5FD+3455453]
GetHandleVerifier [0x00007FF75ADFBDBB+835995]
(No symbol) [0x00007FF75ACAEB5F]
(No symbol) [0x00007FF75ACAA814]
(No symbol) [0x00007FF75ACAA9AD]
(No symbol) [0x00007FF75AC9A199]
BaseThreadInitThunk [0x00007FF893D37374+20]
RtlUserThreadStart [0x00007FF893E7CC91+33]

at org.openqa.selenium.remote.W3CHandshakeResponse.lambda$errorHandler$0(W3CHandshakeResponse.java:62)
at org.openqa.selenium.remote.HandshakeResponse.lambda$getResponseFunction$0(HandshakeResponse.java:30)
at org.openqa.selenium.remote.ProtocolHandshake.lambda$createSession$0(ProtocolHandshake.java:126)
at java.base/java.util.stream.ReferencePipeline$3$1.accept(ReferencePipeline.java:215)
at java.base/java.util.Spliterators$ArraySpliterator.tryAdvance(Spliterators.java:1034)
at java.base/java.util.stream.ReferencePipeline.forEachWithCancel(ReferencePipeline.java:147)
at java.base/java.util.stream.AbstractPipeline.copyIntoWithCancel(AbstractPipeline.java:588)
at java.base/java.util.stream.AbstractPipeline.copyInto(AbstractPipeline.java:574)
at java.base/java.util.stream.AbstractPipeline.wrapAndCopyInto(AbstractPipeline.java:560)
at java.base/java.util.stream.FindOps$FindOp.evaluateSequential(FindOps.java:150)
at java.base/java.util.stream.AbstractPipeline.evaluate(AbstractPipeline.java:265)
at java.base/java.util.stream.ReferencePipeline.findFirst(ReferencePipeline.java:687)
at org.openqa.selenium.remote.ProtocolHandshake.createSession(ProtocolHandshake.java:128)
at org.openqa.selenium.remote.ProtocolHandshake.createSession(ProtocolHandshake.java:74)
at org.openqa.selenium.remote.HttpCommandExecutor.execute(HttpCommandExecutor.java:136)
at org.openqa.selenium.remote.service.DriverCommandExecutor.execute(DriverCommandExecutor.java:83)
at org.openqa.selenium.remote.RemoteWebDriver.execute(RemoteWebDriver.java:552)
at org.openqa.selenium.remote.RemoteWebDriver.startSession(RemoteWebDriver.java:213)
at org.openqa.selenium.remote.RemoteWebDriver.<init>(RemoteWebDriver.java:131)
at org.openqa.selenium.chrome.ChromeDriver.<init>(ChromeDriver.java:181)
at org.openqa.selenium.chrome.ChromeDriver.<init>(ChromeDriver.java:168)
at org.openqa.selenium.chrome.ChromeDriver.<init>(ChromeDriver.java:123)
at p1.c1.t1(c1.java:14)
at java.base/java.util.ArrayList.forEach(ArrayList.java:1597)
... Removed 28 stack frames]]>
    </failure>
  </testcase> <!-- t1 -->
</testsuite> <!-- Test -->
