<?xml version="1.0" encoding="UTF-8"?>
<!-- Generated by org.testng.reporters.JUnitReportReporter -->
<testsuite hostname="DESKTOP-EV7659B" failures="0" tests="1" name="logging.l1" time="8.350" errors="1" timestamp="2025-04-28T11:29:28 IST" skipped="0">
  <testcase classname="logging.l1" name="t1" time="8.350">
    <error message="session not created: This version of ChromeDriver only supports Chrome version 131
Current browser version is 135.0.7049.115 with binary path C:\Program Files\Google\Chrome\Application\chrome.exe
Build info: version: &#039;3.141.59&#039;, revision: &#039;e82be7d358&#039;, time: &#039;2018-11-14T08:17:03&#039;
System info: host: &#039;DESKTOP-EV7659B&#039;, ip: &#039;192.168.31.130&#039;, os.name: &#039;Windows 10&#039;, os.arch: &#039;amd64&#039;, os.version: &#039;10.0&#039;, java.version: &#039;23.0.1&#039;
Driver info: driver.version: ChromeDriver
remote stacktrace: 	GetHandleVerifier [0x00007FF7F4CE6CB5+28821]
	(No symbol) [0x00007FF7F4C53840]
	(No symbol) [0x00007FF7F4AF578A]
	(No symbol) [0x00007FF7F4B374C2]
	(No symbol) [0x00007FF7F4B3652B]
	(No symbol) [0x00007FF7F4B30469]
	(No symbol) [0x00007FF7F4B2BAC9]
	(No symbol) [0x00007FF7F4B7A4FA]
	(No symbol) [0x00007FF7F4B79B30]
	(No symbol) [0x00007FF7F4B6F0A3]
	(No symbol) [0x00007FF7F4B3A778]
	(No symbol) [0x00007FF7F4B3B8E1]
	GetHandleVerifier [0x00007FF7F501FCAD+3408013]
	GetHandleVerifier [0x00007FF7F503741F+3504127]
	GetHandleVerifier [0x00007FF7F502B5FD+3455453]
	GetHandleVerifier [0x00007FF7F4DABDBB+835995]
	(No symbol) [0x00007FF7F4C5EB5F]
	(No symbol) [0x00007FF7F4C5A814]
	(No symbol) [0x00007FF7F4C5A9AD]
	(No symbol) [0x00007FF7F4C4A199]
	BaseThreadInitThunk [0x00007FFF5E5E7374+20]
	RtlUserThreadStart [0x00007FFF5F9FCC91+33]
" type="org.openqa.selenium.SessionNotCreatedException">
      <![CDATA[org.openqa.selenium.SessionNotCreatedException: session not created: This version of ChromeDriver only supports Chrome version 131
Current browser version is 135.0.7049.115 with binary path C:\Program Files\Google\Chrome\Application\chrome.exe
Build info: version: '3.141.59', revision: 'e82be7d358', time: '2018-11-14T08:17:03'
System info: host: 'DESKTOP-EV7659B', ip: '192.168.31.130', os.name: 'Windows 10', os.arch: 'amd64', os.version: '10.0', java.version: '23.0.1'
Driver info: driver.version: ChromeDriver
remote stacktrace: GetHandleVerifier [0x00007FF7F4CE6CB5+28821]
(No symbol) [0x00007FF7F4C53840]
(No symbol) [0x00007FF7F4AF578A]
(No symbol) [0x00007FF7F4B374C2]
(No symbol) [0x00007FF7F4B3652B]
(No symbol) [0x00007FF7F4B30469]
(No symbol) [0x00007FF7F4B2BAC9]
(No symbol) [0x00007FF7F4B7A4FA]
(No symbol) [0x00007FF7F4B79B30]
(No symbol) [0x00007FF7F4B6F0A3]
(No symbol) [0x00007FF7F4B3A778]
(No symbol) [0x00007FF7F4B3B8E1]
GetHandleVerifier [0x00007FF7F501FCAD+3408013]
GetHandleVerifier [0x00007FF7F503741F+3504127]
GetHandleVerifier [0x00007FF7F502B5FD+3455453]
GetHandleVerifier [0x00007FF7F4DABDBB+835995]
(No symbol) [0x00007FF7F4C5EB5F]
(No symbol) [0x00007FF7F4C5A814]
(No symbol) [0x00007FF7F4C5A9AD]
(No symbol) [0x00007FF7F4C4A199]
BaseThreadInitThunk [0x00007FFF5E5E7374+20]
RtlUserThreadStart [0x00007FFF5F9FCC91+33]

at java.base/jdk.internal.reflect.DirectConstructorHandleAccessor.newInstance(DirectConstructorHandleAccessor.java:62)
at java.base/java.lang.reflect.Constructor.newInstanceWithCaller(Constructor.java:501)
at java.base/java.lang.reflect.Constructor.newInstance(Constructor.java:485)
at org.openqa.selenium.remote.W3CHandshakeResponse.lambda$errorHandler$0(W3CHandshakeResponse.java:62)
at org.openqa.selenium.remote.HandshakeResponse.lambda$getResponseFunction$0(HandshakeResponse.java:30)
at org.openqa.selenium.remote.ProtocolHandshake.lambda$createSession$0(ProtocolHandshake.java:126)
at java.base/java.util.stream.ReferencePipeline$3$1.accept(ReferencePipeline.java:215)
at java.base/java.util.Spliterators$ArraySpliterator.tryAdvance(Spliterators.java:1034)
at java.base/java.util.stream.ReferencePipeline.forEachWithCancel(ReferencePipeline.java:147)
at java.base/java.util.stream.AbstractPipeline.copyIntoWithCancel(AbstractPipeline.java:588)
at java.base/java.util.stream.AbstractPipeline.copyInto(AbstractPipeline.java:574)
at java.base/java.util.stream.AbstractPipeline.wrapAndCopyInto(AbstractPipeline.java:560)
at java.base/java.util.stream.FindOps$FindOp.evaluateSequential(FindOps.java:150)
at java.base/java.util.stream.AbstractPipeline.evaluate(AbstractPipeline.java:265)
at java.base/java.util.stream.ReferencePipeline.findFirst(ReferencePipeline.java:687)
at org.openqa.selenium.remote.ProtocolHandshake.createSession(ProtocolHandshake.java:128)
at org.openqa.selenium.remote.ProtocolHandshake.createSession(ProtocolHandshake.java:74)
at org.openqa.selenium.remote.HttpCommandExecutor.execute(HttpCommandExecutor.java:136)
at org.openqa.selenium.remote.service.DriverCommandExecutor.execute(DriverCommandExecutor.java:83)
at org.openqa.selenium.remote.RemoteWebDriver.execute(RemoteWebDriver.java:552)
at org.openqa.selenium.remote.RemoteWebDriver.startSession(RemoteWebDriver.java:213)
at org.openqa.selenium.remote.RemoteWebDriver.<init>(RemoteWebDriver.java:131)
at org.openqa.selenium.chrome.ChromeDriver.<init>(ChromeDriver.java:181)
at org.openqa.selenium.chrome.ChromeDriver.<init>(ChromeDriver.java:168)
at org.openqa.selenium.chrome.ChromeDriver.<init>(ChromeDriver.java:123)
at logging.l1.t1(l1.java:15)
at java.base/jdk.internal.reflect.DirectMethodHandleAccessor.invoke(DirectMethodHandleAccessor.java:103)
at java.base/java.lang.reflect.Method.invoke(Method.java:580)
at org.testng.internal.invokers.MethodInvocationHelper.invokeMethod(MethodInvocationHelper.java:141)
at org.testng.internal.invokers.TestInvoker.invokeMethod(TestInvoker.java:686)
at org.testng.internal.invokers.TestInvoker.invokeTestMethod(TestInvoker.java:230)
at org.testng.internal.invokers.MethodRunner.runInSequence(MethodRunner.java:63)
at org.testng.internal.invokers.TestInvoker$MethodInvocationAgent.invoke(TestInvoker.java:992)
at org.testng.internal.invokers.TestInvoker.invokeTestMethods(TestInvoker.java:203)
at org.testng.internal.invokers.TestMethodWorker.invokeTestMethods(TestMethodWorker.java:154)
at org.testng.internal.invokers.TestMethodWorker.run(TestMethodWorker.java:134)
at java.base/java.util.ArrayList.forEach(ArrayList.java:1597)
at org.testng.TestRunner.privateRun(TestRunner.java:739)
at org.testng.TestRunner.run(TestRunner.java:614)
at org.testng.SuiteRunner.runTest(SuiteRunner.java:421)
at org.testng.SuiteRunner.runSequentially(SuiteRunner.java:413)
at org.testng.SuiteRunner.privateRun(SuiteRunner.java:373)
at org.testng.SuiteRunner.run(SuiteRunner.java:312)
at org.testng.SuiteRunnerWorker.runSuite(SuiteRunnerWorker.java:52)
at org.testng.SuiteRunnerWorker.run(SuiteRunnerWorker.java:95)
at org.testng.TestNG.runSuitesSequentially(TestNG.java:1274)
at org.testng.TestNG.runSuitesLocally(TestNG.java:1208)
at org.testng.TestNG.runSuites(TestNG.java:1112)
at org.testng.TestNG.run(TestNG.java:1079)
at org.testng.remote.AbstractRemoteTestNG.run(AbstractRemoteTestNG.java:115)
at org.testng.remote.RemoteTestNG.initAndRun(RemoteTestNG.java:293)
at org.testng.remote.RemoteTestNG.main(RemoteTestNG.java:91)
]]>
    </error>
  </testcase> <!-- t1 -->
</testsuite> <!-- logging.l1 -->
